2022-02-08
Tmin BI complete
Tmin KA complete
Tmin MN complete
Tmin OA complete
Tmax BI complete
Tmax KA complete
Tmax MN complete
Tmax OA complete
Tmean BI complete
Tmean KA complete
Tmean MN complete
Tmean OA complete
2022-02-08
Tmin BI done
Tmin KA done
Tmin MN done
Tmin OA done
Tmax BI done
Tmax KA done
Tmax MN done
Tmax OA done
Tmean BI done
Tmean KA done
Tmean MN done
Tmean OA done
0...10...20...30...40...50...60...70...80...90...100 - done.
0...10...20...30...40...50...60...70...80...90...100 - done.
0...10...20...30...40...50...60...70...80...90...100 - done.
0...10...20...30...40...50...60...70...80...90...100 - done.
0...10...20...30...40...50...60...70...80...90...100 - done.
0...10...20...30...40...50...60...70...80...90...100 - done.
