--2022-09-13 15:56:02--  https://ikeauth.its.hawaii.edu/files/v2/download/public/system/ikewai-annotated-data/HCDP/production/temperature/min/day/statewide/partial/station_data/2022/08/temperature_min_day_statewide_partial_station_data_2022_08.csv
Resolving ikeauth.its.hawaii.edu (ikeauth.its.hawaii.edu)... 128.171.121.8
Connecting to ikeauth.its.hawaii.edu (ikeauth.its.hawaii.edu)|128.171.121.8|:443... connected.
HTTP request sent, awaiting response... 200 OK
Length: 42238 (41K) [text/csv]
Saving to: ‘/home/hawaii_climate_products_container/preliminary/air_temp/data_outputs/tables/station_data/daily/raw_qc/statewide/daily_Tmin_2022_08_qc.csv’

     0K .......... .......... .......... .......... .         100%  209K=0.2s

utime(/home/hawaii_climate_products_container/preliminary/air_temp/data_outputs/tables/station_data/daily/raw_qc/statewide/daily_Tmin_2022_08_qc.csv): Operation not permitted
2022-09-13 15:56:03 (209 KB/s) - ‘/home/hawaii_climate_products_container/preliminary/air_temp/data_outputs/tables/station_data/daily/raw_qc/statewide/daily_Tmin_2022_08_qc.csv’ saved [42238/42238]

--2022-09-13 15:56:03--  https://ikeauth.its.hawaii.edu/files/v2/download/public/system/ikewai-annotated-data/HCDP/production/temperature/max/day/statewide/partial/station_data/2022/08/temperature_max_day_statewide_partial_station_data_2022_08.csv
Resolving ikeauth.its.hawaii.edu (ikeauth.its.hawaii.edu)... 128.171.121.8
Connecting to ikeauth.its.hawaii.edu (ikeauth.its.hawaii.edu)|128.171.121.8|:443... connected.
HTTP request sent, awaiting response... 200 OK
Length: 42047 (41K) [text/csv]
Saving to: ‘/home/hawaii_climate_products_container/preliminary/air_temp/data_outputs/tables/station_data/daily/raw_qc/statewide/daily_Tmax_2022_08_qc.csv’

     0K .......... .......... .......... .......... .         100%  416K=0.1s

utime(/home/hawaii_climate_products_container/preliminary/air_temp/data_outputs/tables/station_data/daily/raw_qc/statewide/daily_Tmax_2022_08_qc.csv): Operation not permitted
2022-09-13 15:56:04 (416 KB/s) - ‘/home/hawaii_climate_products_container/preliminary/air_temp/data_outputs/tables/station_data/daily/raw_qc/statewide/daily_Tmax_2022_08_qc.csv’ saved [42047/42047]

--2022-09-13 15:56:04--  https://ikeauth.its.hawaii.edu/files/v2/download/public/system/ikewai-annotated-data/HCDP/temperature/dependencies.tar.gz
Resolving ikeauth.its.hawaii.edu (ikeauth.its.hawaii.edu)... 128.171.121.8
Connecting to ikeauth.its.hawaii.edu (ikeauth.its.hawaii.edu)|128.171.121.8|:443... connected.
HTTP request sent, awaiting response... 200 OK
Length: 2908160 (2.8M) [application/octet-stream]
Saving to: ‘/home/hawaii_climate_products_container/preliminary/air_temp/monthly/dependencies.tar.gz’

     0K .......... .......... .......... .......... ..........  1%  254K 11s
    50K .......... .......... .......... .......... ..........  3%  507K 8s
   100K .......... .......... .......... .......... ..........  5%  506K 7s
   150K .......... .......... .......... .......... ..........  7%  506K 7s
   200K .......... .......... .......... .......... ..........  8%  504K 6s
   250K .......... .......... .......... .......... .......... 10%  511K 6s
   300K .......... .......... .......... .......... .......... 12%  132M 5s
   350K .......... .......... .......... .......... .......... 14%  102M 4s
   400K .......... .......... .......... .......... .......... 15%  511K 4s
   450K .......... .......... .......... .......... .......... 17%  118M 4s
   500K .......... .......... .......... .......... .......... 19%  142M 3s
   550K .......... .......... .......... .......... .......... 21%  197M 3s
   600K .......... .......... .......... .......... .......... 22%  238M 3s
   650K .......... .......... .......... .......... .......... 24%  514K 3s
   700K .......... .......... .......... .......... .......... 26%  106M 2s
   750K .......... .......... .......... .......... .......... 28%  163M 2s
   800K .......... .......... .......... .......... .......... 29%  209M 2s
   850K .......... .......... .......... .......... .......... 31%  141M 2s
   900K .......... .......... .......... .......... .......... 33%  201M 2s
   950K .......... .......... .......... .......... .......... 35%  252M 2s
  1000K .......... .......... .......... .......... .......... 36%  292M 2s
  1050K .......... .......... .......... .......... .......... 38%  264M 1s
  1100K .......... .......... .......... .......... .......... 40%  308M 1s
  1150K .......... .......... .......... .......... .......... 42% 1.22M 1s
  1200K .......... .......... .......... .......... .......... 44%  886K 1s
  1250K .......... .......... .......... .......... .......... 45%  227M 1s
  1300K .......... .......... .......... .......... .......... 47%  208M 1s
  1350K .......... .......... .......... .......... .......... 49%  216M 1s
  1400K .......... .......... .......... .......... .......... 51%  205M 1s
  1450K .......... .......... .......... .......... .......... 52%  241M 1s
  1500K .......... .......... .......... .......... .......... 54%  239M 1s
  1550K .......... .......... .......... .......... .......... 56%  242M 1s
  1600K .......... .......... .......... .......... .......... 58%  219M 1s
  1650K .......... .......... .......... .......... .......... 59%  285M 1s
  1700K .......... .......... .......... .......... .......... 61%  256M 1s
  1750K .......... .......... .......... .......... .......... 63%  297M 1s
  1800K .......... .......... .......... .......... .......... 65%  271M 1s
  1850K .......... .......... .......... .......... .......... 66%  326M 0s
  1900K .......... .......... .......... .......... .......... 68%  288M 0s
  1950K .......... .......... .......... .......... .......... 70%  318M 0s
  2000K .......... .......... .......... .......... .......... 72%  294M 0s
  2050K .......... .......... .......... .......... .......... 73%  270M 0s
  2100K .......... .......... .......... .......... .......... 75%  297M 0s
  2150K .......... .......... .......... .......... .......... 77%  280M 0s
  2200K .......... .......... .......... .......... .......... 79% 1.27M 0s
  2250K .......... .......... .......... .......... .......... 80%  892K 0s
  2300K .......... .......... .......... .......... .......... 82%  168M 0s
  2350K .......... .......... .......... .......... .......... 84%  155M 0s
  2400K .......... .......... .......... .......... .......... 86%  192M 0s
  2450K .......... .......... .......... .......... .......... 88%  221M 0s
  2500K .......... .......... .......... .......... .......... 89%  292M 0s
  2550K .......... .......... .......... .......... .......... 91%  301M 0s
  2600K .......... .......... .......... .......... .......... 93%  265M 0s
  2650K .......... .......... .......... .......... .......... 95%  273M 0s
  2700K .......... .......... .......... .......... .......... 96%  303M 0s
  2750K .......... .......... .......... .......... .......... 98%  264M 0s
  2800K .......... .......... .......... ..........           100%  263M=1.1s

2022-09-13 15:56:06 (2.55 MB/s) - ‘/home/hawaii_climate_products_container/preliminary/air_temp/monthly/dependencies.tar.gz’ saved [2908160/2908160]

